<?xml version="1.0" encoding="utf-8"?><testsuites><testsuite errors="0" failures="0" hostname="qty-TULPAR-T5-V21-1" name="pytest" skipped="0" tests="3" time="0.220" timestamp="2023-12-25T22:14:04.680622"><testcase classname="examples_rclpy_minimal_publisher.topics.minimal_publisher.test.test_copyright" name="test_copyright" time="0.013"><system-out>No problems found, checked 7 files
</system-out></testcase><testcase classname="examples_rclpy_minimal_publisher.topics.minimal_publisher.test.test_flake8" name="test_flake8" time="0.116"><system-out>
8 files checked
No problems found

Checked files:

* ./setup.py
* ./examples_rclpy_minimal_publisher/__init__.py
* ./examples_rclpy_minimal_publisher/publisher_local_function.py
* ./examples_rclpy_minimal_publisher/publisher_old_school.py
* ./examples_rclpy_minimal_publisher/publisher_member_function.py
* ./test/test_flake8.py
* ./test/test_copyright.py
* ./test/test_pep257.py
</system-out></testcase><testcase classname="examples_rclpy_minimal_publisher.topics.minimal_publisher.test.test_pep257" name="test_pep257" time="0.031"><system-out>checking ./examples_rclpy_minimal_publisher/__init__.py
checking ./examples_rclpy_minimal_publisher/publisher_local_function.py
checking ./examples_rclpy_minimal_publisher/publisher_member_function.py
checking ./examples_rclpy_minimal_publisher/publisher_old_school.py
checking ./setup.py
checking ./test/test_copyright.py
checking ./test/test_flake8.py
checking ./test/test_pep257.py
No problems found
</system-out></testcase></testsuite></testsuites>