[0.556s] Invoking command in '/home/qty/ros2_ws/build/rplidar_ros': CMAKE_PREFIX_PATH=${CMAKE_PREFIX_PATH}:/home/qty/ros2_ws/install/hoverBoardController:/home/qty/ros2_ws/install/examples_rclpy_minimal_subscriber:/home/qty/ros2_ws/install/examples_rclpy_minimal_service:/home/qty/ros2_ws/install/examples_rclpy_minimal_publisher:/home/qty/ros2_ws/install/examples_rclpy_minimal_client:/home/qty/ros2_ws/install/examples_rclpy_minimal_action_server:/home/qty/ros2_ws/install/examples_rclpy_minimal_action_client:/home/qty/ros2_ws/install/examples_rclpy_executors:/opt/ros/foxy /usr/bin/cmake --build /home/qty/ros2_ws/build/rplidar_ros -- -j16 -l16
[0.589s] [35m[1mScanning dependencies of target rplidar_composition_node[0m
[0.605s] [ 11%] Built target rplidarNodeClient
[0.606s] [ 50%] Built target rplidarNode
[0.614s] [ 55%] [32mBuilding CXX object CMakeFiles/rplidar_composition_node.dir/src/rplidar_node.cpp.o[0m
[0.707s] In file included from [01m[K/home/qty/ros2_ws/src/rplidar_ros2/src/rplidar_node.cpp:36[m[K:
[0.708s] [01m[K/home/qty/ros2_ws/src/rplidar_ros2/include/rplidar_node.hpp:50:[m[K [01;35m[Kwarning: [m[K"M_PI" redefined
[0.708s]    50 | #define M_PI 3.1415926535897932384626433832795
[0.708s]       | 
[0.709s] In file included from [01m[K/usr/include/c++/9/cmath:45[m[K,
[0.709s]                  from [01m[K/opt/ros/foxy/include/libstatistics_collector/moving_average_statistics/types.hpp:18[m[K,
[0.711s]                  from [01m[K/opt/ros/foxy/include/libstatistics_collector/collector/generate_statistics_message.hpp:24[m[K,
[0.711s]                  from [01m[K/opt/ros/foxy/include/rclcpp/topic_statistics/subscription_topic_statistics.hpp:23[m[K,
[0.711s]                  from [01m[K/opt/ros/foxy/include/rclcpp/subscription.hpp:50[m[K,
[0.712s]                  from [01m[K/opt/ros/foxy/include/rclcpp/any_executable.hpp:25[m[K,
[0.712s]                  from [01m[K/opt/ros/foxy/include/rclcpp/memory_strategy.hpp:24[m[K,
[0.712s]                  from [01m[K/opt/ros/foxy/include/rclcpp/memory_strategies.hpp:18[m[K,
[0.713s]                  from [01m[K/opt/ros/foxy/include/rclcpp/executor_options.hpp:20[m[K,
[0.713s]                  from [01m[K/opt/ros/foxy/include/rclcpp/executor.hpp:33[m[K,
[0.713s]                  from [01m[K/opt/ros/foxy/include/rclcpp/executors/multi_threaded_executor.hpp:26[m[K,
[0.713s]                  from [01m[K/opt/ros/foxy/include/rclcpp/executors.hpp:21[m[K,
[0.713s]                  from [01m[K/opt/ros/foxy/include/rclcpp/rclcpp.hpp:146[m[K,
[0.713s]                  from [01m[K/home/qty/ros2_ws/src/rplidar_ros2/include/rplidar_node.hpp:34[m[K,
[0.714s]                  from [01m[K/home/qty/ros2_ws/src/rplidar_ros2/src/rplidar_node.cpp:36[m[K:
[0.714s] [01m[K/usr/include/math.h:1070:[m[K [01;36m[Knote: [m[Kthis is the location of the previous definition
[0.714s]  1070 | # define M_PI  3.14159265358979323846 /* pi */
[0.714s]       | 
[1.669s] In file included from [01m[K/home/qty/ros2_ws/src/rplidar_ros2/./sdk/include/rplidar.h:39[m[K,
[1.669s]                  from [01m[K/home/qty/ros2_ws/src/rplidar_ros2/include/rplidar_node.hpp:41[m[K,
[1.669s]                  from [01m[K/home/qty/ros2_ws/src/rplidar_ros2/src/rplidar_node.cpp:36[m[K:
[1.669s] [01m[K/home/qty/ros2_ws/src/rplidar_ros2/./sdk/include/rplidar_protocol.h:59:14:[m[K [01;35m[Kwarning: [m[KISO C++ forbids zero-size array â€˜[01m[Kdata[m[Kâ€™ [[01;35m[K-Wpedantic[m[K]
[1.669s]    59 |     _u8 data[[01;35m[K0[m[K];
[1.669s]       |              [01;35m[K^[m[K
[1.669s] In file included from [01m[K/home/qty/ros2_ws/src/rplidar_ros2/./sdk/include/rplidar.h:40[m[K,
[1.669s]                  from [01m[K/home/qty/ros2_ws/src/rplidar_ros2/include/rplidar_node.hpp:41[m[K,
[1.669s]                  from [01m[K/home/qty/ros2_ws/src/rplidar_ros2/src/rplidar_node.cpp:36[m[K:
[1.669s] [01m[K/home/qty/ros2_ws/src/rplidar_ros2/./sdk/include/rplidar_cmd.h:260:18:[m[K [01;35m[Kwarning: [m[KISO C++ forbids zero-size array â€˜[01m[Kpayload[m[Kâ€™ [[01;35m[K-Wpedantic[m[K]
[1.669s]   260 |     _u8  payload[[01;35m[K0[m[K];
[1.670s]       |                  [01;35m[K^[m[K
[1.722s] [01m[K/home/qty/ros2_ws/src/rplidar_ros2/src/rplidar_node.cpp:[m[K In member function â€˜[01m[Kvoid rplidar_ros::rplidar_node::stop_motor({anonymous}::EmptyRequest, {anonymous}::EmptyResponse)[m[Kâ€™:
[1.722s] [01m[K/home/qty/ros2_ws/src/rplidar_ros2/src/rplidar_node.cpp:245:50:[m[K [01;35m[Kwarning: [m[Kunused parameter â€˜[01m[Kreq[m[Kâ€™ [[01;35m[K-Wunused-parameter[m[K]
[1.722s]   245 | void rplidar_node::stop_motor([01;35m[Kconst EmptyRequest req[m[K, EmptyResponse res)
[1.722s]       |                               [01;35m[K~~~~~~~~~~~~~~~~~~~^~~[m[K
[1.722s] [01m[K/home/qty/ros2_ws/src/rplidar_ros2/src/rplidar_node.cpp:245:69:[m[K [01;35m[Kwarning: [m[Kunused parameter â€˜[01m[Kres[m[Kâ€™ [[01;35m[K-Wunused-parameter[m[K]
[1.723s]   245 | void rplidar_node::stop_motor(const EmptyRequest req, [01;35m[KEmptyResponse res[m[K)
[1.723s]       |                                                       [01;35m[K~~~~~~~~~~~~~~^~~[m[K
[1.723s] [01m[K/home/qty/ros2_ws/src/rplidar_ros2/src/rplidar_node.cpp:[m[K In member function â€˜[01m[Kvoid rplidar_ros::rplidar_node::start_motor({anonymous}::EmptyRequest, {anonymous}::EmptyResponse)[m[Kâ€™:
[1.723s] [01m[K/home/qty/ros2_ws/src/rplidar_ros2/src/rplidar_node.cpp:256:51:[m[K [01;35m[Kwarning: [m[Kunused parameter â€˜[01m[Kreq[m[Kâ€™ [[01;35m[K-Wunused-parameter[m[K]
[1.724s]   256 | void rplidar_node::start_motor([01;35m[Kconst EmptyRequest req[m[K, EmptyResponse res)
[1.724s]       |                                [01;35m[K~~~~~~~~~~~~~~~~~~~^~~[m[K
[1.724s] [01m[K/home/qty/ros2_ws/src/rplidar_ros2/src/rplidar_node.cpp:256:70:[m[K [01;35m[Kwarning: [m[Kunused parameter â€˜[01m[Kres[m[Kâ€™ [[01;35m[K-Wunused-parameter[m[K]
[1.724s]   256 | void rplidar_node::start_motor(const EmptyRequest req, [01;35m[KEmptyResponse res[m[K)
[1.724s]       |                                                        [01;35m[K~~~~~~~~~~~~~~^~~[m[K
[1.726s] [01m[K/home/qty/ros2_ws/src/rplidar_ros2/src/rplidar_node.cpp:[m[K In member function â€˜[01m[Kvoid rplidar_ros::rplidar_node::publish_loop()[m[Kâ€™:
[1.726s] [01m[K/home/qty/ros2_ws/src/rplidar_ros2/src/rplidar_node.cpp:344:46:[m[K [01;35m[Kwarning: [m[KISO C++ forbids variable length array â€˜[01m[Kangle_compensate_nodes[m[Kâ€™ [[01;35m[K-Wvla[m[K]
[1.726s]   344 |       rplidar_response_measurement_node_hq_t [01;35m[Kangle_compensate_nodes[m[K[angle_compensate_nodes_count];
[1.726s]       |                                              [01;35m[K^~~~~~~~~~~~~~~~~~~~~~[m[K
[1.727s] [01m[K/home/qty/ros2_ws/src/rplidar_ros2/src/rplidar_node.cpp:356:25:[m[K [01;35m[Kwarning: [m[Kcomparison of integer expressions of different signedness: â€˜[01m[Ksize_t[m[Kâ€™ {aka â€˜[01m[Klong unsigned int[m[Kâ€™} and â€˜[01m[Kint[m[Kâ€™ [[01;35m[K-Wsign-compare[m[K]
[1.727s]   356 |           for (j = 0; [01;35m[Kj < m_angle_compensate_multiple[m[K; j++) {
[1.728s]       |                       [01;35m[K~~^~~~~~~~~~~~~~~~~~~~~~~~~~~~~[m[K
[1.728s] [01m[K/home/qty/ros2_ws/src/rplidar_ros2/src/rplidar_node.cpp:362:67:[m[K [01;31m[Kerror: [m[Kno matching function for call to â€˜[01m[Kmove(rplidar_response_measurement_node_hq_t [angle_compensate_nodes_count])[m[Kâ€™
[1.728s]   362 |       publish_scan(scan_duration, std::move(angle_compensate_nodes[01;31m[K)[m[K, angle_compensate_nodes_count);
[1.728s]       |                                                                   [01;31m[K^[m[K
[1.728s] In file included from [01m[K/usr/include/c++/9/bits/stl_function.h:60[m[K,
[1.728s]                  from [01m[K/usr/include/c++/9/functional:49[m[K,
[1.728s]                  from [01m[K/opt/ros/foxy/include/rclcpp/clock.hpp:18[m[K,
[1.728s]                  from [01m[K/home/qty/ros2_ws/src/rplidar_ros2/include/rplidar_node.hpp:33[m[K,
[1.728s]                  from [01m[K/home/qty/ros2_ws/src/rplidar_ros2/src/rplidar_node.cpp:36[m[K:
[1.728s] [01m[K/usr/include/c++/9/bits/move.h:99:5:[m[K [01;36m[Knote: [m[Kcandidate: â€˜[01m[Ktemplate<class _Tp> constexpr typename std::remove_reference<_Tp>::type&& std::move(_Tp&&)[m[Kâ€™
[1.729s]    99 |     [01;36m[Kmove[m[K(_Tp&& __t) noexcept
[1.729s]       |     [01;36m[K^~~~[m[K
[1.729s] [01m[K/usr/include/c++/9/bits/move.h:99:5:[m[K [01;36m[Knote: [m[K  template argument deduction/substitution failed:
[1.729s] [01m[K/home/qty/ros2_ws/src/rplidar_ros2/src/rplidar_node.cpp:362:67:[m[K [01;36m[Knote: [m[K  variable-sized array type â€˜[01m[Krplidar_response_measurement_node_hq_t (&)[angle_compensate_nodes_count][m[Kâ€™ is not a valid template argument
[1.729s]   362 |       publish_scan(scan_duration, std::move(angle_compensate_nodes[01;36m[K)[m[K, angle_compensate_nodes_count);
[1.730s]       |                                                                   [01;36m[K^[m[K
[1.730s] In file included from [01m[K/usr/include/c++/9/bits/char_traits.h:39[m[K,
[1.730s]                  from [01m[K/usr/include/c++/9/string:40[m[K,
[1.730s]                  from [01m[K/usr/include/c++/9/stdexcept:39[m[K,
[1.730s]                  from [01m[K/usr/include/c++/9/array:39[m[K,
[1.730s]                  from [01m[K/usr/include/c++/9/tuple:39[m[K,
[1.730s]                  from [01m[K/usr/include/c++/9/functional:54[m[K,
[1.731s]                  from [01m[K/opt/ros/foxy/include/rclcpp/clock.hpp:18[m[K,
[1.731s]                  from [01m[K/home/qty/ros2_ws/src/rplidar_ros2/include/rplidar_node.hpp:33[m[K,
[1.731s]                  from [01m[K/home/qty/ros2_ws/src/rplidar_ros2/src/rplidar_node.cpp:36[m[K:
[1.731s] [01m[K/usr/include/c++/9/bits/stl_algobase.h:497:5:[m[K [01;36m[Knote: [m[Kcandidate: â€˜[01m[Ktemplate<class _II, class _OI> _OI std::move(_II, _II, _OI)[m[Kâ€™
[1.732s]   497 |     [01;36m[Kmove[m[K(_II __first, _II __last, _OI __result)
[1.732s]       |     [01;36m[K^~~~[m[K
[1.732s] [01m[K/usr/include/c++/9/bits/stl_algobase.h:497:5:[m[K [01;36m[Knote: [m[K  template argument deduction/substitution failed:
[1.732s] [01m[K/home/qty/ros2_ws/src/rplidar_ros2/src/rplidar_node.cpp:362:67:[m[K [01;36m[Knote: [m[K  candidate expects 3 arguments, 1 provided
[1.732s]   362 |       publish_scan(scan_duration, std::move(angle_compensate_nodes[01;36m[K)[m[K, angle_compensate_nodes_count);
[1.732s]       |                                                                   [01;36m[K^[m[K
[1.732s] In file included from [01m[K/usr/include/c++/9/algorithm:71[m[K,
[1.732s]                  from [01m[K/opt/ros/foxy/include/rosidl_runtime_cpp/bounded_vector.hpp:18[m[K,
[1.732s]                  from [01m[K/opt/ros/foxy/include/builtin_interfaces/msg/detail/time__struct.hpp:8[m[K,
[1.732s]                  from [01m[K/opt/ros/foxy/include/builtin_interfaces/msg/time.hpp:7[m[K,
[1.732s]                  from [01m[K/opt/ros/foxy/include/rclcpp/time.hpp:18[m[K,
[1.732s]                  from [01m[K/opt/ros/foxy/include/rclcpp/clock.hpp:23[m[K,
[1.732s]                  from [01m[K/home/qty/ros2_ws/src/rplidar_ros2/include/rplidar_node.hpp:33[m[K,
[1.733s]                  from [01m[K/home/qty/ros2_ws/src/rplidar_ros2/src/rplidar_node.cpp:36[m[K:
[1.733s] [01m[K/usr/include/c++/9/pstl/glue_algorithm_defs.h:353:1:[m[K [01;36m[Knote: [m[Kcandidate: â€˜[01m[Ktemplate<class _ExecutionPolicy, class _ForwardIterator1, class _ForwardIterator2> __pstl::__internal::__enable_if_execution_policy<_ExecutionPolicy, _ForwardIterator> std::move(_ExecutionPolicy&&, _ForwardIterator1, _ForwardIterator1, _ForwardIterator2)[m[Kâ€™
[1.733s]   353 | [01;36m[Kmove[m[K(_ExecutionPolicy&& __exec, _ForwardIterator1 __first, _ForwardIterator1 __last, _ForwardIterator2 __d_first);
[1.733s]       | [01;36m[K^~~~[m[K
[1.733s] [01m[K/usr/include/c++/9/pstl/glue_algorithm_defs.h:353:1:[m[K [01;36m[Knote: [m[K  template argument deduction/substitution failed:
[1.733s] [01m[K/home/qty/ros2_ws/src/rplidar_ros2/src/rplidar_node.cpp:362:67:[m[K [01;36m[Knote: [m[K  variable-sized array type â€˜[01m[Krplidar_response_measurement_node_hq_t (&)[angle_compensate_nodes_count][m[Kâ€™ is not a valid template argument
[1.733s]   362 |       publish_scan(scan_duration, std::move(angle_compensate_nodes[01;36m[K)[m[K, angle_compensate_nodes_count);
[1.733s]       |                                                                   [01;36m[K^[m[K
[1.733s] [01m[K/home/qty/ros2_ws/src/rplidar_ros2/src/rplidar_node.cpp:377:44:[m[K [01;35m[Kwarning: [m[Kcomparison of integer expressions of different signedness: â€˜[01m[Ksize_t[m[Kâ€™ {aka â€˜[01m[Klong unsigned int[m[Kâ€™} and â€˜[01m[Kint[m[Kâ€™ [[01;35m[K-Wsign-compare[m[K]
[1.734s]   377 |       for (size_t x = start_node, y = 0; [01;35m[Kx < end_node[m[K; ++x, ++y) {
[1.734s]       |                                          [01;35m[K~~^~~~~~~~~~[m[K
[1.734s] [01m[K/home/qty/ros2_ws/src/rplidar_ros2/src/rplidar_node.cpp:384:11:[m[K [01;35m[Kwarning: [m[Kunused variable â€˜[01m[Kangle_min[m[Kâ€™ [[01;35m[K-Wunused-variable[m[K]
[1.734s]   384 |     float [01;35m[Kangle_min[m[K = deg_2_rad(0.0f);
[1.734s]       |           [01;35m[K^~~~~~~~~[m[K
[1.734s] [01m[K/home/qty/ros2_ws/src/rplidar_ros2/src/rplidar_node.cpp:385:11:[m[K [01;35m[Kwarning: [m[Kunused variable â€˜[01m[Kangle_max[m[Kâ€™ [[01;35m[K-Wunused-variable[m[K]
[1.734s]   385 |     float [01;35m[Kangle_max[m[K = deg_2_rad(359.0f);
[1.734s]       |           [01;35m[K^~~~~~~~~[m[K
[2.485s] make[2]: *** [CMakeFiles/rplidar_composition_node.dir/build.make:63: CMakeFiles/rplidar_composition_node.dir/src/rplidar_node.cpp.o] Error 1
[2.485s] make[1]: *** [CMakeFiles/Makefile2:165: CMakeFiles/rplidar_composition_node.dir/all] Error 2
[2.485s] make: *** [Makefile:141: all] Error 2
[2.487s] Invoked command in '/home/qty/ros2_ws/build/rplidar_ros' returned '2': CMAKE_PREFIX_PATH=${CMAKE_PREFIX_PATH}:/home/qty/ros2_ws/install/hoverBoardController:/home/qty/ros2_ws/install/examples_rclpy_minimal_subscriber:/home/qty/ros2_ws/install/examples_rclpy_minimal_service:/home/qty/ros2_ws/install/examples_rclpy_minimal_publisher:/home/qty/ros2_ws/install/examples_rclpy_minimal_client:/home/qty/ros2_ws/install/examples_rclpy_minimal_action_server:/home/qty/ros2_ws/install/examples_rclpy_minimal_action_client:/home/qty/ros2_ws/install/examples_rclpy_executors:/opt/ros/foxy /usr/bin/cmake --build /home/qty/ros2_ws/build/rplidar_ros -- -j16 -l16
