<?xml version="1.0" encoding="utf-8"?><testsuites><testsuite errors="0" failures="0" hostname="qty-TULPAR-T5-V21-1" name="pytest" skipped="0" tests="3" time="0.199" timestamp="2023-12-25T22:14:05.210851"><testcase classname="examples_rclpy_minimal_subscriber.topics.minimal_subscriber.test.test_copyright" name="test_copyright" time="0.015"><system-out>No problems found, checked 7 files
</system-out></testcase><testcase classname="examples_rclpy_minimal_subscriber.topics.minimal_subscriber.test.test_flake8" name="test_flake8" time="0.094"><system-out>
8 files checked
No problems found

Checked files:

* ./setup.py
* ./examples_rclpy_minimal_subscriber/subscriber_old_school.py
* ./examples_rclpy_minimal_subscriber/subscriber_member_function.py
* ./examples_rclpy_minimal_subscriber/__init__.py
* ./examples_rclpy_minimal_subscriber/subscriber_lambda.py
* ./test/test_flake8.py
* ./test/test_copyright.py
* ./test/test_pep257.py
</system-out></testcase><testcase classname="examples_rclpy_minimal_subscriber.topics.minimal_subscriber.test.test_pep257" name="test_pep257" time="0.025"><system-out>checking ./examples_rclpy_minimal_subscriber/__init__.py
checking ./examples_rclpy_minimal_subscriber/subscriber_lambda.py
checking ./examples_rclpy_minimal_subscriber/subscriber_member_function.py
checking ./examples_rclpy_minimal_subscriber/subscriber_old_school.py
checking ./setup.py
checking ./test/test_copyright.py
checking ./test/test_flake8.py
checking ./test/test_pep257.py
No problems found
</system-out></testcase></testsuite></testsuites>