[0.518s] Invoking command in '/home/qty/ros2_ws/build/hoverboard_msgs': CMAKE_PREFIX_PATH=${CMAKE_PREFIX_PATH}:/home/qty/ros2_ws/install/hoverboard_controller:/home/qty/ros2_ws/install/hoverBoardController:/home/qty/ros2_ws/install/examples_rclpy_minimal_subscriber:/home/qty/ros2_ws/install/examples_rclpy_minimal_service:/home/qty/ros2_ws/install/examples_rclpy_minimal_publisher:/home/qty/ros2_ws/install/examples_rclpy_minimal_client:/home/qty/ros2_ws/install/examples_rclpy_minimal_action_server:/home/qty/ros2_ws/install/examples_rclpy_minimal_action_client:/home/qty/ros2_ws/install/examples_rclpy_executors:/opt/ros/foxy /usr/bin/cmake --build /home/qty/ros2_ws/build/hoverboard_msgs -- -j16 -l16
[0.539s] -- Found ament_cmake: 0.9.12 (/opt/ros/foxy/share/ament_cmake/cmake)
[0.572s] -- Found PythonInterp: /usr/bin/python3 (found suitable version "3.8.10", minimum required is "3") 
[0.572s] -- Using PYTHON_EXECUTABLE: /usr/bin/python3
[0.795s] -- Override CMake install command with custom implementation using symlinks instead of copying resources
[0.801s] -- Found ament_lint_auto: 0.9.8 (/opt/ros/foxy/share/ament_lint_auto/cmake)
[0.856s] -- Found rosidl_default_generators: 1.0.1 (/opt/ros/foxy/share/rosidl_default_generators/cmake)
[0.860s] -- Using all available rosidl_typesupport_c: rosidl_typesupport_fastrtps_c;rosidl_typesupport_introspection_c
[0.864s] -- Found rosidl_adapter: 1.3.1 (/opt/ros/foxy/share/rosidl_adapter/cmake)
[0.967s] -- Using all available rosidl_typesupport_cpp: rosidl_typesupport_fastrtps_cpp;rosidl_typesupport_introspection_cpp
[0.990s] -- Found builtin_interfaces: 1.0.0 (/opt/ros/foxy/share/builtin_interfaces/cmake)
[1.030s] -- Found PythonInterp: /usr/bin/python3 (found version "3.8.10") 
[1.092s] -- Found ament_cmake_ros: 0.9.2 (/opt/ros/foxy/share/ament_cmake_ros/cmake)
[1.164s] -- Using all available rosidl_typesupport_c: rosidl_typesupport_fastrtps_c;rosidl_typesupport_introspection_c
[1.172s] -- Using all available rosidl_typesupport_cpp: rosidl_typesupport_fastrtps_cpp;rosidl_typesupport_introspection_cpp
[1.199s] -- Found PythonInterp: /usr/bin/python3 (found suitable version "3.8.10", minimum required is "3.5") 
[1.200s] -- Found python_cmake_module: 0.8.1 (/opt/ros/foxy/share/python_cmake_module/cmake)
[1.225s] -- Using PYTHON_EXECUTABLE: /usr/bin/python3
[1.225s] -- Using PYTHON_INCLUDE_DIRS: /usr/include/python3.8
[1.225s] -- Using PYTHON_LIBRARIES: /usr/lib/x86_64-linux-gnu/libpython3.8.so
[1.243s] -- Added test 'copyright' to check source files copyright and LICENSE
[1.244s] -- Added test 'lint_cmake' to check CMake code style
[1.246s] -- Added test 'xmllint' to check XML markup files
[1.251s] -- Configuring done
[1.272s] -- Generating done
[1.275s] -- Build files have been written to: /home/qty/ros2_ws/build/hoverboard_msgs
[1.298s] [  2%] Built target hoverboard_msgs__cpp
[1.298s] [  5%] [32mBuilding C object CMakeFiles/hoverboard_msgs__rosidl_generator_c.dir/rosidl_generator_c/hoverboard_msgs/msg/detail/temp_msg__functions.c.o[0m
[1.307s] In file included from [01m[K/home/qty/ros2_ws/build/hoverboard_msgs/rosidl_generator_c/hoverboard_msgs/msg/detail/temp_msg__functions.h:19[m[K,
[1.307s]                  from [01m[K/home/qty/ros2_ws/build/hoverboard_msgs/rosidl_generator_c/hoverboard_msgs/msg/detail/temp_msg__functions.c:4[m[K:
[1.307s] [01m[K/home/qty/ros2_ws/build/hoverboard_msgs/rosidl_generator_c/hoverboard_msgs/msg/detail/temp_msg__struct.h:22:10:[m[K [01;31m[Kfatal error: [m[Khoverboard_msgs/msg/detail/time__struct.h: No such file or directory
[1.307s]    22 | #include [01;31m[K"hoverboard_msgs/msg/detail/time__struct.h"[m[K
[1.307s]       |          [01;31m[K^~~~~~~~~~~~~~~~~~~~~~~~~~~~~~~~~~~~~~~~~~~[m[K
[1.308s] compilation terminated.
[1.308s] make[2]: *** [CMakeFiles/hoverboard_msgs__rosidl_generator_c.dir/build.make:121: CMakeFiles/hoverboard_msgs__rosidl_generator_c.dir/rosidl_generator_c/hoverboard_msgs/msg/detail/temp_msg__functions.c.o] Error 1
[1.308s] make[1]: *** [CMakeFiles/Makefile2:362: CMakeFiles/hoverboard_msgs__rosidl_generator_c.dir/all] Error 2
[1.308s] make[1]: *** Waiting for unfinished jobs....
[1.316s] [ 12%] [32mBuilding CXX object CMakeFiles/hoverboard_msgs__rosidl_typesupport_introspection_cpp.dir/rosidl_typesupport_introspection_cpp/hoverboard_msgs/msg/detail/temp_msg__type_support.cpp.o[0m
[1.316s] [ 12%] [32mBuilding CXX object CMakeFiles/hoverboard_msgs__rosidl_typesupport_fastrtps_cpp.dir/rosidl_typesupport_fastrtps_cpp/hoverboard_msgs/msg/detail/dds_fastrtps/temp_msg__type_support.cpp.o[0m
[1.316s] [ 12%] [32mBuilding CXX object CMakeFiles/hoverboard_msgs__rosidl_typesupport_cpp.dir/rosidl_typesupport_cpp/hoverboard_msgs/msg/temp_msg__type_support.cpp.o[0m
[1.351s] In file included from [01m[K/home/qty/ros2_ws/build/hoverboard_msgs/rosidl_typesupport_introspection_cpp/hoverboard_msgs/msg/detail/temp_msg__type_support.cpp:12[m[K:
[1.351s] [01m[K/home/qty/ros2_ws/build/hoverboard_msgs/rosidl_generator_cpp/hoverboard_msgs/msg/detail/temp_msg__struct.hpp:19:10:[m[K [01;31m[Kfatal error: [m[Khoverboard_msgs/msg/detail/time__struct.hpp: No such file or directory
[1.351s]    19 | #include [01;31m[K"hoverboard_msgs/msg/detail/time__struct.hpp"[m[K
[1.351s]       |          [01;31m[K^~~~~~~~~~~~~~~~~~~~~~~~~~~~~~~~~~~~~~~~~~~~~[m[K
[1.351s] compilation terminated.
[1.351s] In file included from [01m[K/home/qty/ros2_ws/build/hoverboard_msgs/rosidl_typesupport_cpp/hoverboard_msgs/msg/temp_msg__type_support.cpp:7[m[K:
[1.351s] [01m[K/home/qty/ros2_ws/build/hoverboard_msgs/rosidl_generator_cpp/hoverboard_msgs/msg/detail/temp_msg__struct.hpp:19:10:[m[K [01;31m[Kfatal error: [m[Khoverboard_msgs/msg/detail/time__struct.hpp: No such file or directory
[1.351s]    19 | #include [01;31m[K"hoverboard_msgs/msg/detail/time__struct.hpp"[m[K
[1.351s]       |          [01;31m[K^~~~~~~~~~~~~~~~~~~~~~~~~~~~~~~~~~~~~~~~~~~~~[m[K
[1.352s] compilation terminated.
[1.352s] In file included from [01m[K/home/qty/ros2_ws/build/hoverboard_msgs/rosidl_typesupport_fastrtps_cpp/hoverboard_msgs/msg/detail/temp_msg__rosidl_typesupport_fastrtps_cpp.hpp:11[m[K,
[1.352s]                  from [01m[K/home/qty/ros2_ws/build/hoverboard_msgs/rosidl_typesupport_fastrtps_cpp/hoverboard_msgs/msg/detail/dds_fastrtps/temp_msg__type_support.cpp:4[m[K:
[1.352s] [01m[K/home/qty/ros2_ws/build/hoverboard_msgs/rosidl_generator_cpp/hoverboard_msgs/msg/detail/temp_msg__struct.hpp:19:10:[m[K [01;31m[Kfatal error: [m[Khoverboard_msgs/msg/detail/time__struct.hpp: No such file or directory
[1.352s]    19 | #include [01;31m[K"hoverboard_msgs/msg/detail/time__struct.hpp"[m[K
[1.352s]       |          [01;31m[K^~~~~~~~~~~~~~~~~~~~~~~~~~~~~~~~~~~~~~~~~~~~~[m[K
[1.352s] compilation terminated.
[1.352s] make[2]: *** [CMakeFiles/hoverboard_msgs__rosidl_typesupport_introspection_cpp.dir/build.make:98: CMakeFiles/hoverboard_msgs__rosidl_typesupport_introspection_cpp.dir/rosidl_typesupport_introspection_cpp/hoverboard_msgs/msg/detail/temp_msg__type_support.cpp.o] Error 1
[1.352s] make[2]: *** [CMakeFiles/hoverboard_msgs__rosidl_typesupport_cpp.dir/build.make:90: CMakeFiles/hoverboard_msgs__rosidl_typesupport_cpp.dir/rosidl_typesupport_cpp/hoverboard_msgs/msg/temp_msg__type_support.cpp.o] Error 1
[1.352s] make[1]: *** [CMakeFiles/Makefile2:244: CMakeFiles/hoverboard_msgs__rosidl_typesupport_introspection_cpp.dir/all] Error 2
[1.352s] make[1]: *** [CMakeFiles/Makefile2:526: CMakeFiles/hoverboard_msgs__rosidl_typesupport_cpp.dir/all] Error 2
[1.352s] make[2]: *** [CMakeFiles/hoverboard_msgs__rosidl_typesupport_fastrtps_cpp.dir/build.make:98: CMakeFiles/hoverboard_msgs__rosidl_typesupport_fastrtps_cpp.dir/rosidl_typesupport_fastrtps_cpp/hoverboard_msgs/msg/detail/dds_fastrtps/temp_msg__type_support.cpp.o] Error 1
[1.352s] make[1]: *** [CMakeFiles/Makefile2:445: CMakeFiles/hoverboard_msgs__rosidl_typesupport_fastrtps_cpp.dir/all] Error 2
[1.353s] make: *** [Makefile:141: all] Error 2
[1.713s] Invoked command in '/home/qty/ros2_ws/build/hoverboard_msgs' returned '2': CMAKE_PREFIX_PATH=${CMAKE_PREFIX_PATH}:/home/qty/ros2_ws/install/hoverboard_controller:/home/qty/ros2_ws/install/hoverBoardController:/home/qty/ros2_ws/install/examples_rclpy_minimal_subscriber:/home/qty/ros2_ws/install/examples_rclpy_minimal_service:/home/qty/ros2_ws/install/examples_rclpy_minimal_publisher:/home/qty/ros2_ws/install/examples_rclpy_minimal_client:/home/qty/ros2_ws/install/examples_rclpy_minimal_action_server:/home/qty/ros2_ws/install/examples_rclpy_minimal_action_client:/home/qty/ros2_ws/install/examples_rclpy_executors:/opt/ros/foxy /usr/bin/cmake --build /home/qty/ros2_ws/build/hoverboard_msgs -- -j16 -l16
